<?xml version="1.0" encoding="UTF-8"?>
<!-- Generated by org.testng.reporters.JUnitReportReporter -->
<testsuite hostname="VikashSharma" failures="0" tests="6" name="api.test.DDTest" time="10.717" errors="0" timestamp="2024-10-20T01:31:37 IST" skipped="0">
  <testcase classname="api.test.DDTest" name="testPostuser" time="3.032"/>
  <testcase classname="api.test.DDTest" name="testPostuser" time="1.565"/>
  <testcase classname="api.test.DDTest" name="testPostuser" time="1.547"/>
  <testcase classname="api.test.DDTest" name="testDeleteUserByName" time="1.734"/>
  <testcase classname="api.test.DDTest" name="testDeleteUserByName" time="1.355"/>
  <testcase classname="api.test.DDTest" name="testDeleteUserByName" time="1.484"/>
</testsuite> <!-- api.test.DDTest -->
