<?xml version="1.0" encoding="UTF-8"?>
<!-- Generated by org.testng.reporters.JUnitReportReporter -->
<testsuite hostname="VikashSharma" failures="0" tests="4" name="api.test.userTest" time="8.730" errors="0" timestamp="2024-10-20T20:32:41 IST" skipped="0">
  <testcase classname="api.test.userTest" name="testPostUser" time="3.877"/>
  <testcase classname="api.test.userTest" name="testGetUserDetails" time="1.658"/>
  <testcase classname="api.test.userTest" name="testUpdateUserDetails" time="1.619"/>
  <testcase classname="api.test.userTest" name="testDeleteUserDetails" time="1.576"/>
</testsuite> <!-- api.test.userTest -->
