<?xml version="1.0" encoding="UTF-8"?>
<!-- Generated by org.testng.reporters.JUnitReportReporter -->
<testsuite hostname="VikashSharma" failures="0" tests="6" name="api.test.DDTest" time="10.742" errors="0" timestamp="2024-10-20T17:28:22 IST" skipped="0">
  <testcase classname="api.test.DDTest" name="testPostuser" time="1.556"/>
  <testcase classname="api.test.DDTest" name="testPostuser" time="3.165"/>
  <testcase classname="api.test.DDTest" name="testPostuser" time="1.278"/>
  <testcase classname="api.test.DDTest" name="testDeleteUserByName" time="1.604"/>
  <testcase classname="api.test.DDTest" name="testDeleteUserByName" time="1.425"/>
  <testcase classname="api.test.DDTest" name="testDeleteUserByName" time="1.714"/>
</testsuite> <!-- api.test.DDTest -->
