<?xml version="1.0" encoding="UTF-8"?>
<!-- Generated by org.testng.reporters.JUnitReportReporter -->
<testsuite hostname="VikashSharma" failures="0" tests="4" name="api.test.userTest" time="10.854" errors="0" timestamp="2024-10-20T17:57:54 IST" skipped="0">
  <testcase classname="api.test.userTest" name="testPostUser" time="5.459"/>
  <testcase classname="api.test.userTest" name="testGetUserDetails" time="1.452"/>
  <testcase classname="api.test.userTest" name="testUpdateUserDetails" time="2.294"/>
  <testcase classname="api.test.userTest" name="testDeleteUserDetails" time="1.649"/>
</testsuite> <!-- api.test.userTest -->
